<?xml version="1.0" encoding="UTF-8"?>
<!-- Generated by org.testng.reporters.JUnitXMLReporter -->
<testsuite ignored="0" hostname="DESKTOP-OJSJBRH" failures="1" tests="2" name="Test" time="0.344" errors="0" timestamp="2023-07-05T10:15:10 IST">
  <testcase classname="Resources.BaseClass" name="@BeforeMethod launchbrowserandURL" time="0.021">
    <failure type="java.lang.Error" message="Unresolved compilation problem: 
	prop cannot be resolved
">
      <![CDATA[java.lang.Error: Unresolved compilation problem: 
prop cannot be resolved

at Resources.BaseClass.launchbrowserandURL(BaseClass.java:47)
at java.base/java.util.ArrayList.forEach(ArrayList.java:1511)
... Removed 31 stack frames]]>
    </failure>
  </testcase> <!-- @BeforeMethod launchbrowserandURL -->
  <testcase classname="Testcases.LoginTestCase" name="verifyLogin" time="0.0">
    <failure type="org.testng.TestNGException" message="
Method public void Testcases.LoginTestCase.verifyLogin(java.lang.String,java.lang.String) throws java.io.IOException requires a @DataProvider named : testData">
      <![CDATA[org.testng.TestNGException: 
Method public void Testcases.LoginTestCase.verifyLogin(java.lang.String,java.lang.String) throws java.io.IOException requires a @DataProvider named : testData
at java.base/java.util.ArrayList.forEach(ArrayList.java:1511)
... Removed 24 stack frames]]>
    </failure>
  </testcase> <!-- verifyLogin -->
  <testcase classname="Testcases.SignupTestCases" name="verifySignup" time="0.0">
    <skipped/>
  </testcase> <!-- verifySignup -->
</testsuite> <!-- Test -->
